2025.04.27 08:51:33,602	INFO	1	org.l2jmobius.commons.util.IXmlReader	Network Config: ipconfig.xml does not exist, using automatic configuration...
2025.04.27 08:51:34,010	INFO	1	org.l2jmobius.commons.util.IXmlReader	Network Config: Adding new subnet: 192.168.1.0/24 address: 192.168.1.5
2025.04.27 08:51:34,011	INFO	1	org.l2jmobius.commons.util.IXmlReader	Network Config: Adding new subnet: 127.0.0.0/8 address: 127.0.0.1
2025.04.27 08:51:34,012	INFO	1	org.l2jmobius.commons.util.IXmlReader	Network Config: Adding new subnet: 0.0.0.0/0 address: 177.104.9.8
2025.04.27 08:51:34,045	WARNING	1	org.l2jmobius.Config	[SkillDurationList]: invalid config property -> SkillList "1323"10800  
2025.04.27 08:51:34,453	WARNING	1	org.l2jmobius.commons.util.ConfigReader	Config 'DelevelRemoveAbilities' not found in file 'CommunityBoard.ini', using default: false.
2025.04.27 08:51:34,454	WARNING	1	org.l2jmobius.commons.util.ConfigReader	Config 'CommunityBoardPeaceOnly' not found in file 'CommunityBoard.ini', using default: false.
2025.04.27 08:51:34,455	WARNING	1	org.l2jmobius.commons.util.ConfigReader	Config 'CommunityCombatDisabled' not found in file 'CommunityBoard.ini', using default: true.
2025.04.27 08:51:34,704	INFO	1	org.l2jmobius.Config	Loaded 6 Filter Words.
2025.04.27 08:51:34,713	INFO	1	org.l2jmobius.gameserver.GameServer	------------------------------------------------=[ Database ]
2025.04.27 08:51:34,910	INFO	1	org.l2jmobius.commons.database.DatabaseFactory	Database: HikariCP pool initialized successfully.
2025.04.27 08:51:35,110	INFO	1	org.l2jmobius.commons.database.DatabaseFactory	Database: Initialized with a valid connection.
2025.04.27 08:51:35,120	INFO	1	org.l2jmobius.gameserver.GameServer	----------------------------------------------=[ ThreadPool ]
2025.04.27 08:51:35,123	INFO	1	org.l2jmobius.commons.threads.ThreadPool	ThreadPool: Initialized
2025.04.27 08:51:35,123	INFO	1	org.l2jmobius.commons.threads.ThreadPool	...scheduled pool executor with 8 high priority threads.
2025.04.27 08:51:35,129	INFO	1	org.l2jmobius.commons.threads.ThreadPool	...scheduled pool executor with 32 total threads.
2025.04.27 08:51:35,129	INFO	1	org.l2jmobius.commons.threads.ThreadPool	...instant pool executor with 16 total threads.
2025.04.27 08:51:35,131	INFO	1	org.l2jmobius.gameserver.GameServer	-----------------------------------------------=[ IdManager ]
2025.04.27 08:51:35,310	INFO	1	org.l2jmobius.gameserver.managers.DatabaseIdManager	DatabaseIdManager: Cleaned 0 elements in 0 seconds.
2025.04.27 08:51:35,324	INFO	1	org.l2jmobius.gameserver.managers.DatabaseIdManager	DatabaseIdManager: Updated character online status.
2025.04.27 08:51:35,334	INFO	1	org.l2jmobius.gameserver.managers.DatabaseIdManager	DatabaseIdManager: Cleaned 0 expired timestamps.
2025.04.27 08:51:35,370	INFO	1	org.l2jmobius.gameserver.managers.IdManager	IdManager: 102912 ids available.
2025.04.27 08:51:35,370	INFO	1	org.l2jmobius.gameserver.GameServer	----------------------------------------=[ Scripting Engine ]
2025.04.27 08:51:35,873	INFO	1	org.l2jmobius.gameserver.scripting.ScriptEngineManager	Loaded 878 files to exclude.
2025.04.27 08:51:35,873	INFO	1	org.l2jmobius.gameserver.GameServer	---------------------------------------------------=[ World ]
2025.04.27 08:51:36,156	INFO	1	org.l2jmobius.gameserver.managers.MapRegionManager	MapRegionManager: Loaded 63 map regions.
2025.04.27 08:51:36,165	INFO	1	org.l2jmobius.gameserver.managers.ZoneManager	ZoneManager 19 by 18 Zone Region Grid set up.
2025.04.27 08:51:36,891	INFO	1	org.l2jmobius.gameserver.managers.ZoneManager	ZoneManager: Loaded 35 zone classes and 3076 zones.
2025.04.27 08:51:36,896	INFO	1	org.l2jmobius.gameserver.managers.ZoneManager	ZoneManager: Last static id 210110.
2025.04.27 08:51:37,384	INFO	1	org.l2jmobius.gameserver.data.xml.DoorData	DoorData: Loaded 1516 doors.
2025.04.27 08:51:37,409	INFO	1	FenceData	FenceData: Loaded 1 fences.
2025.04.27 08:51:37,425	INFO	1	org.l2jmobius.gameserver.managers.GlobalVariablesManager	GlobalVariablesManager: Loaded 26 variables.
2025.04.27 08:51:37,426	INFO	1	org.l2jmobius.gameserver.GameServer	----------------------------------------------------=[ Data ]
2025.04.27 08:51:37,448	INFO	1	org.l2jmobius.gameserver.data.xml.ActionData	ActionData: Loaded 299 player actions.
2025.04.27 08:51:37,530	INFO	1	org.l2jmobius.gameserver.data.xml.CategoryData	CategoryData: Loaded 217 categories.
2025.04.27 08:51:37,575	INFO	1	org.l2jmobius.gameserver.data.xml.SecondaryAuthData	SecondaryAuthData: Loaded 328 forbidden passwords.
2025.04.27 08:51:37,605	INFO	1	org.l2jmobius.gameserver.data.xml.SayuneData	SayuneData: Loaded 81 maps.
2025.04.27 08:51:39,311	INFO	1	handlers.DailyMissionMasterHandler	DailyMissionMasterHandler: Loaded 23 handlers.
2025.04.27 08:51:39,382	INFO	1	org.l2jmobius.gameserver.data.xml.DailyMissionData	DailyMissionData: Loaded 129 one day rewards.
2025.04.27 08:51:39,407	INFO	1	org.l2jmobius.gameserver.data.xml.DailyMissionDataConquest	DailyMissionDataConquest: Loaded 2 one day conquest rewards.
2025.04.27 08:51:39,408	INFO	1	org.l2jmobius.gameserver.GameServer	--------------------------------------------------=[ Skills ]
2025.04.27 08:51:43,438	INFO	1	handlers.EffectMasterHandler	EffectMasterHandler: Loaded 425 effect handlers.
2025.04.27 08:51:43,467	INFO	1	org.l2jmobius.gameserver.data.xml.EnchantSkillGroupsData	EnchantSkillGroupsData: Loaded 20 enchant routes, max enchant set to 20.
2025.04.27 08:51:53,363	WARNING	1	org.l2jmobius.gameserver.data.xml.SkillData	SkillData: Missing effect for Skill Id[18147] Level[1] SubLevel[0] Effect Scope[GENERAL] Effect Name[PAtk]
2025.04.27 08:51:53,364	WARNING	1	org.l2jmobius.gameserver.data.xml.SkillData	SkillData: Missing effect for Skill Id[18147] Level[1] SubLevel[0] Effect Scope[GENERAL] Effect Name[MAtk]
2025.04.27 08:51:53,656	WARNING	1	org.l2jmobius.gameserver.data.xml.SkillData	SkillData: Missing effect for Skill Id[22400] Level[1] SubLevel[0] Effect Scope[GENERAL] Effect Name[TriggerSkillByAttack]
2025.04.27 08:51:53,656	WARNING	1	org.l2jmobius.gameserver.data.xml.SkillData	SkillData: Missing effect for Skill Id[22400] Level[1] SubLevel[0] Effect Scope[GENERAL] Effect Name[TriggerSkillByAttack]
2025.04.27 08:51:53,656	WARNING	1	org.l2jmobius.gameserver.data.xml.SkillData	SkillData: Missing effect for Skill Id[22400] Level[1] SubLevel[0] Effect Scope[GENERAL] Effect Name[TriggerSkillByAttack]
2025.04.27 08:51:53,656	WARNING	1	org.l2jmobius.gameserver.data.xml.SkillData	SkillData: Missing effect for Skill Id[22401] Level[1] SubLevel[0] Effect Scope[GENERAL] Effect Name[TriggerSkillByAttack]
2025.04.27 08:51:53,656	WARNING	1	org.l2jmobius.gameserver.data.xml.SkillData	SkillData: Missing effect for Skill Id[22401] Level[1] SubLevel[0] Effect Scope[GENERAL] Effect Name[TriggerSkillByAttack]
2025.04.27 08:51:53,657	WARNING	1	org.l2jmobius.gameserver.data.xml.SkillData	SkillData: Missing effect for Skill Id[22401] Level[1] SubLevel[0] Effect Scope[GENERAL] Effect Name[TriggerSkillByAttack]
2025.04.27 08:51:53,665	WARNING	1	org.l2jmobius.gameserver.data.xml.SkillData	SkillData: Missing effect for Skill Id[22583] Level[1] SubLevel[0] Effect Scope[GENERAL] Effect Name[TriggerSkillByAttack]
2025.04.27 08:51:53,665	WARNING	1	org.l2jmobius.gameserver.data.xml.SkillData	SkillData: Missing effect for Skill Id[22583] Level[1] SubLevel[0] Effect Scope[GENERAL] Effect Name[TriggerSkillByAttack]
2025.04.27 08:51:53,665	WARNING	1	org.l2jmobius.gameserver.data.xml.SkillData	SkillData: Missing effect for Skill Id[22583] Level[1] SubLevel[0] Effect Scope[GENERAL] Effect Name[TriggerSkillByAttack]
2025.04.27 08:51:53,806	WARNING	1	org.l2jmobius.gameserver.data.xml.SkillData	SkillData: Missing effect for Skill Id[27419] Level[1] SubLevel[0] Effect Scope[GENERAL] Effect Name[TriggerSkillByAttack]
2025.04.27 08:51:53,806	WARNING	1	org.l2jmobius.gameserver.data.xml.SkillData	SkillData: Missing effect for Skill Id[27419] Level[1] SubLevel[0] Effect Scope[GENERAL] Effect Name[TriggerSkillByAttack]
2025.04.27 08:51:53,806	WARNING	1	org.l2jmobius.gameserver.data.xml.SkillData	SkillData: Missing effect for Skill Id[27419] Level[1] SubLevel[0] Effect Scope[GENERAL] Effect Name[TriggerSkillByAttack]
2025.04.27 08:51:53,807	WARNING	1	org.l2jmobius.gameserver.data.xml.SkillData	SkillData: Missing effect for Skill Id[27420] Level[1] SubLevel[0] Effect Scope[GENERAL] Effect Name[TriggerSkillByAttack]
2025.04.27 08:51:53,807	WARNING	1	org.l2jmobius.gameserver.data.xml.SkillData	SkillData: Missing effect for Skill Id[27420] Level[1] SubLevel[0] Effect Scope[GENERAL] Effect Name[TriggerSkillByAttack]
2025.04.27 08:51:53,807	WARNING	1	org.l2jmobius.gameserver.data.xml.SkillData	SkillData: Missing effect for Skill Id[27420] Level[1] SubLevel[0] Effect Scope[GENERAL] Effect Name[TriggerSkillByAttack]
2025.04.27 08:51:53,880	WARNING	1	org.l2jmobius.gameserver.data.xml.SkillData	SkillData: Missing effect for Skill Id[28363] Level[1] SubLevel[0] Effect Scope[GENERAL] Effect Name[PAtk]
2025.04.27 08:51:53,880	WARNING	1	org.l2jmobius.gameserver.data.xml.SkillData	SkillData: Missing effect for Skill Id[28363] Level[1] SubLevel[0] Effect Scope[GENERAL] Effect Name[MAtk]
2025.04.27 08:51:55,334	WARNING	1	org.l2jmobius.gameserver.data.xml.SkillData	SkillData: Missing effect for Skill Id[34937] Level[1] SubLevel[0] Effect Scope[GENERAL] Effect Name[PvPDamage]
2025.04.27 08:51:55,334	WARNING	1	org.l2jmobius.gameserver.data.xml.SkillData	SkillData: Missing effect for Skill Id[34937] Level[2] SubLevel[0] Effect Scope[GENERAL] Effect Name[PvPDamage]
2025.04.27 08:51:55,334	WARNING	1	org.l2jmobius.gameserver.data.xml.SkillData	SkillData: Missing effect for Skill Id[34937] Level[3] SubLevel[0] Effect Scope[GENERAL] Effect Name[PvPDamage]
2025.04.27 08:51:55,694	WARNING	1	org.l2jmobius.gameserver.data.xml.SkillData	SkillData: Missing effect for Skill Id[51214] Level[1] SubLevel[0] Effect Scope[GENERAL] Effect Name[TriggerSkillByAttack]
2025.04.27 08:51:55,694	WARNING	1	org.l2jmobius.gameserver.data.xml.SkillData	SkillData: Missing effect for Skill Id[51214] Level[1] SubLevel[0] Effect Scope[GENERAL] Effect Name[TriggerSkillByAttack]
2025.04.27 08:51:55,695	WARNING	1	org.l2jmobius.gameserver.data.xml.SkillData	SkillData: Missing effect for Skill Id[51214] Level[1] SubLevel[0] Effect Scope[GENERAL] Effect Name[TriggerSkillByAttack]
2025.04.27 08:51:55,695	WARNING	1	org.l2jmobius.gameserver.data.xml.SkillData	SkillData: Missing effect for Skill Id[51242] Level[1] SubLevel[0] Effect Scope[GENERAL] Effect Name[PAtk]
2025.04.27 08:51:55,695	WARNING	1	org.l2jmobius.gameserver.data.xml.SkillData	SkillData: Missing effect for Skill Id[51242] Level[1] SubLevel[0] Effect Scope[GENERAL] Effect Name[MAtk]
2025.04.27 08:51:55,695	WARNING	1	org.l2jmobius.gameserver.data.xml.SkillData	SkillData: Missing effect for Skill Id[51243] Level[1] SubLevel[0] Effect Scope[GENERAL] Effect Name[PAtk]
2025.04.27 08:51:55,696	WARNING	1	org.l2jmobius.gameserver.data.xml.SkillData	SkillData: Missing effect for Skill Id[51243] Level[1] SubLevel[0] Effect Scope[GENERAL] Effect Name[MAtk]
2025.04.27 08:51:55,696	WARNING	1	org.l2jmobius.gameserver.data.xml.SkillData	SkillData: Missing effect for Skill Id[51244] Level[1] SubLevel[0] Effect Scope[GENERAL] Effect Name[PAtk]
2025.04.27 08:51:55,696	WARNING	1	org.l2jmobius.gameserver.data.xml.SkillData	SkillData: Missing effect for Skill Id[51244] Level[1] SubLevel[0] Effect Scope[GENERAL] Effect Name[MAtk]
2025.04.27 08:51:55,696	WARNING	1	org.l2jmobius.gameserver.data.xml.SkillData	SkillData: Missing effect for Skill Id[51245] Level[1] SubLevel[0] Effect Scope[GENERAL] Effect Name[PAtk]
2025.04.27 08:51:55,696	WARNING	1	org.l2jmobius.gameserver.data.xml.SkillData	SkillData: Missing effect for Skill Id[51245] Level[1] SubLevel[0] Effect Scope[GENERAL] Effect Name[MAtk]
2025.04.27 08:51:55,696	WARNING	1	org.l2jmobius.gameserver.data.xml.SkillData	SkillData: Missing effect for Skill Id[51246] Level[1] SubLevel[0] Effect Scope[GENERAL] Effect Name[PAtk]
2025.04.27 08:51:55,696	WARNING	1	org.l2jmobius.gameserver.data.xml.SkillData	SkillData: Missing effect for Skill Id[51246] Level[1] SubLevel[0] Effect Scope[GENERAL] Effect Name[MAtk]
2025.04.27 08:51:55,697	WARNING	1	org.l2jmobius.gameserver.data.xml.SkillData	SkillData: Missing effect for Skill Id[51247] Level[1] SubLevel[0] Effect Scope[GENERAL] Effect Name[PAtk]
2025.04.27 08:51:55,697	WARNING	1	org.l2jmobius.gameserver.data.xml.SkillData	SkillData: Missing effect for Skill Id[51247] Level[1] SubLevel[0] Effect Scope[GENERAL] Effect Name[MAtk]
2025.04.27 08:51:55,697	WARNING	1	org.l2jmobius.gameserver.data.xml.SkillData	SkillData: Missing effect for Skill Id[51248] Level[1] SubLevel[0] Effect Scope[GENERAL] Effect Name[PAtk]
2025.04.27 08:51:55,697	WARNING	1	org.l2jmobius.gameserver.data.xml.SkillData	SkillData: Missing effect for Skill Id[51248] Level[1] SubLevel[0] Effect Scope[GENERAL] Effect Name[MAtk]
2025.04.27 08:51:55,715	INFO	1	org.l2jmobius.gameserver.data.xml.SkillData	SkillData: Loaded 202807 Skills.
2025.04.27 08:51:56,691	INFO	1	org.l2jmobius.gameserver.data.xml.SkillTreeData	SkillTreeData: Loaded 23950 Class skills for 155 class skill trees.
2025.04.27 08:51:56,691	INFO	1	org.l2jmobius.gameserver.data.xml.SkillTreeData	SkillTreeData: Loaded 1 sub-class skills.
2025.04.27 08:51:56,691	INFO	1	org.l2jmobius.gameserver.data.xml.SkillTreeData	SkillTreeData: Loaded 33 dual-class skills.
2025.04.27 08:51:56,692	INFO	1	org.l2jmobius.gameserver.data.xml.SkillTreeData	SkillTreeData: Loaded 104 transfer skills for 3 transfer skill trees.
2025.04.27 08:51:56,692	INFO	1	org.l2jmobius.gameserver.data.xml.SkillTreeData	SkillTreeData: Loaded 18 race skills for 7 race skill trees.
2025.04.27 08:51:56,692	INFO	1	org.l2jmobius.gameserver.data.xml.SkillTreeData	SkillTreeData: Loaded 35 fishing skills, 8 Dwarven only fishing skills.
2025.04.27 08:51:56,692	INFO	1	org.l2jmobius.gameserver.data.xml.SkillTreeData	SkillTreeData: Loaded 3 collect skills.
2025.04.27 08:51:56,696	INFO	1	org.l2jmobius.gameserver.data.xml.SkillTreeData	SkillTreeData: Loaded 11 clan skills, 0 for clan and 11 residential.
2025.04.27 08:51:56,696	INFO	1	org.l2jmobius.gameserver.data.xml.SkillTreeData	SkillTreeData: Loaded 0 sub-pledge skills.
2025.04.27 08:51:56,696	INFO	1	org.l2jmobius.gameserver.data.xml.SkillTreeData	SkillTreeData: Loaded 32 transform skills.
2025.04.27 08:51:56,697	INFO	1	org.l2jmobius.gameserver.data.xml.SkillTreeData	SkillTreeData: Loaded 24 noble skills.
2025.04.27 08:51:56,697	INFO	1	org.l2jmobius.gameserver.data.xml.SkillTreeData	SkillTreeData: Loaded 4 hero skills.
2025.04.27 08:51:56,697	INFO	1	org.l2jmobius.gameserver.data.xml.SkillTreeData	SkillTreeData: Loaded 61 game master skills.
2025.04.27 08:51:56,697	INFO	1	org.l2jmobius.gameserver.data.xml.SkillTreeData	SkillTreeData: Loaded 61 game master aura skills.
2025.04.27 08:51:56,697	INFO	1	org.l2jmobius.gameserver.data.xml.SkillTreeData	SkillTreeData: Loaded 155 ability skills.
2025.04.27 08:51:56,698	INFO	1	org.l2jmobius.gameserver.data.xml.SkillTreeData	SkillTreeData: Loaded 113 alchemy skills.
2025.04.27 08:51:56,698	INFO	1	org.l2jmobius.gameserver.data.xml.SkillTreeData	SkillTreeData: Loaded 38 class awaken save skills.
2025.04.27 08:51:56,698	INFO	1	org.l2jmobius.gameserver.data.xml.SkillTreeData	SkillTreeData: Loaded 20 Revelation skills.
2025.04.27 08:51:56,698	INFO	1	org.l2jmobius.gameserver.data.xml.SkillTreeData	SkillTreeData: Loaded 40 common skills.
2025.04.27 08:51:56,734	INFO	1	org.l2jmobius.gameserver.data.xml.PetSkillData	PetSkillData: Loaded 1084 skills.
2025.04.27 08:51:56,735	INFO	1	org.l2jmobius.gameserver.GameServer	---------------------------------------------------=[ Items ]
2025.04.27 08:52:00,258	INFO	1	org.l2jmobius.gameserver.data.xml.ItemData	ItemData: Highest item id used: 100099
2025.04.27 08:52:00,269	INFO	1	org.l2jmobius.gameserver.data.xml.ItemData	ItemData: Loaded 26193 etc items.
2025.04.27 08:52:00,269	INFO	1	org.l2jmobius.gameserver.data.xml.ItemData	ItemData: Loaded 13121 armor items.
2025.04.27 08:52:00,269	INFO	1	org.l2jmobius.gameserver.data.xml.ItemData	ItemData: Loaded 9209 weapon items.
2025.04.27 08:52:00,270	INFO	1	org.l2jmobius.gameserver.data.xml.ItemData	ItemData: Loaded 48523 items in total.
2025.04.27 08:52:00,292	INFO	1	org.l2jmobius.gameserver.data.xml.EnchantItemGroupsData	EnchantItemGroupsData: Loaded 38 item group templates.
2025.04.27 08:52:00,293	INFO	1	org.l2jmobius.gameserver.data.xml.EnchantItemGroupsData	EnchantItemGroupsData: Loaded 6 scroll group templates.
2025.04.27 08:52:00,293	INFO	1	org.l2jmobius.gameserver.data.xml.EnchantItemGroupsData	EnchantItemGroupsData: Max weapon enchant is set to 30.
2025.04.27 08:52:00,293	INFO	1	org.l2jmobius.gameserver.data.xml.EnchantItemGroupsData	EnchantItemGroupsData: Max armor enchant is set to 30.
2025.04.27 08:52:00,293	INFO	1	org.l2jmobius.gameserver.data.xml.EnchantItemGroupsData	EnchantItemGroupsData: Max accessory enchant is set to 30.
2025.04.27 08:52:00,326	INFO	1	org.l2jmobius.gameserver.data.xml.EnchantItemData	EnchantItemData: Loaded 309 enchant scrolls.
2025.04.27 08:52:00,326	INFO	1	org.l2jmobius.gameserver.data.xml.EnchantItemData	EnchantItemData: Loaded 104 support items.
2025.04.27 08:52:02,347	INFO	1	org.l2jmobius.gameserver.data.xml.OptionData	OptionData: Loaded 38973 options.
2025.04.27 08:52:02,378	INFO	1	org.l2jmobius.gameserver.data.xml.EnchantItemOptionsData	EnchantItemOptionsData: Loaded 365 items and 4818 options.
2025.04.27 08:52:02,395	INFO	1	org.l2jmobius.commons.util.IXmlReader	ElementalAttributeData: Loaded 139 elemental attribute items.
2025.04.27 08:52:02,433	INFO	1	org.l2jmobius.gameserver.data.xml.ItemCrystallizationData	ItemCrystallizationData: Loaded 14 crystallization templates.
2025.04.27 08:52:02,434	INFO	1	org.l2jmobius.gameserver.data.xml.ItemCrystallizationData	ItemCrystallizationData: Loaded 474 pre-defined crystallizable items.
2025.04.27 08:52:02,455	INFO	1	org.l2jmobius.gameserver.data.xml.ItemCrystallizationData	ItemCrystallizationData: Generated 5983 crystallizable items from templates.
2025.04.27 08:52:02,557	INFO	1	VariationData	VariationData: Loaded 70 item groups.
2025.04.27 08:52:02,558	INFO	1	VariationData	VariationData: Loaded 50 variations.
2025.04.27 08:52:02,558	INFO	1	VariationData	VariationData: Loaded 3269 fees.
2025.04.27 08:52:02,638	INFO	1	org.l2jmobius.gameserver.data.xml.EnsoulData	EnsoulData: Loaded 155 fees.
2025.04.27 08:52:02,638	INFO	1	org.l2jmobius.gameserver.data.xml.EnsoulData	EnsoulData: Loaded 1344 options.
2025.04.27 08:52:02,639	INFO	1	org.l2jmobius.gameserver.data.xml.EnsoulData	EnsoulData: Loaded 155 stones.
2025.04.27 08:52:02,654	INFO	1	org.l2jmobius.gameserver.data.xml.EnchantItemHPBonusData	EnchantItemHPBonusData: Loaded 12 enchant HP bonuses.
2025.04.27 08:52:04,616	INFO	1	org.l2jmobius.gameserver.data.xml.BuyListData	BuyListData: Loaded 931 buyLists.
2025.04.27 08:52:05,795	WARNING	1	org.l2jmobius.gameserver.data.xml.MultisellData	Buy price 500000 is less than sell price 2500000 at entry 1 of multisell 400091.
2025.04.27 08:52:05,796	WARNING	1	org.l2jmobius.gameserver.data.xml.MultisellData	Buy price 500000 is less than sell price 95988000 at entry 32 of multisell 400091.
2025.04.27 08:52:05,796	WARNING	1	org.l2jmobius.gameserver.data.xml.MultisellData	Buy price 500000 is less than sell price 95988000 at entry 33 of multisell 400091.
2025.04.27 08:52:06,998	INFO	1	org.l2jmobius.gameserver.data.xml.MultisellData	MultisellData: Loaded 829 multisell lists.
2025.04.27 08:52:07,120	INFO	1	org.l2jmobius.gameserver.data.xml.CombinationItemsData	CombinationItemsData: Loaded 4638 combinations.
2025.04.27 08:52:07,209	INFO	1	org.l2jmobius.gameserver.data.xml.EquipmentUpgradeData	EquipmentUpgradeData: Loaded 7439 upgrade equipment data.
2025.04.27 08:52:07,289	INFO	1	org.l2jmobius.gameserver.data.xml.AgathionData	AgathionData: Loaded 436 agathion data.
2025.04.27 08:52:07,423	INFO	1	org.l2jmobius.gameserver.data.xml.RecipeData	RecipeData: Loaded 1780 recipes.
2025.04.27 08:52:07,505	INFO	1	org.l2jmobius.gameserver.data.xml.ArmorSetData	ArmorSetData: Loaded 386 armor sets.
2025.04.27 08:52:07,521	INFO	1	org.l2jmobius.gameserver.data.xml.FishingData	FishingData: Loaded 9 bait and 14 rod data.
2025.04.27 08:52:07,628	INFO	1	org.l2jmobius.gameserver.data.xml.HennaData	HennaData: Loaded 619 henna data.
2025.04.27 08:52:07,652	INFO	1	org.l2jmobius.gameserver.data.xml.PrimeShopData	PrimeShopData: Loaded 99 items.
2025.04.27 08:52:07,670	INFO	1	org.l2jmobius.gameserver.data.xml.LimitShopData	LimitShopData: Loaded 52 items.
2025.04.27 08:52:07,686	INFO	1	org.l2jmobius.gameserver.data.xml.LimitShopData	LimitShopCraftData: Loaded 152 items.
2025.04.27 08:52:07,726	INFO	1	org.l2jmobius.gameserver.data.xml.CollectionData	CollectionData: Loaded 550 collections.
2025.04.27 08:52:07,768	INFO	1	org.l2jmobius.gameserver.data.xml.RelicData	RelicData: Loaded 176 relics.
2025.04.27 08:52:07,772	INFO	1	org.l2jmobius.gameserver.data.xml.RelicCollectionData	RelicCollectionData: Loaded 141 relic collections.
2025.04.27 08:52:07,850	INFO	1	org.l2jmobius.gameserver.data.xml.AppearanceItemData	AppearanceItemData: Loaded 1398 stones.
2025.04.27 08:52:07,872	INFO	1	org.l2jmobius.gameserver.data.xml.AlchemyData	AlchemyData: Loaded 114 alchemy craft skills.
2025.04.27 08:52:07,896	INFO	1	org.l2jmobius.gameserver.managers.PrivateStoreHistoryManager	PrivateStoreHistoryManager: Loaded 0 items history.
2025.04.27 08:52:07,915	INFO	1	org.l2jmobius.commons.util.IXmlReader	LuckyGameData: Loaded 2 lucky game data.
2025.04.27 08:52:07,932	INFO	1	org.l2jmobius.gameserver.data.xml.MableGameData	MableGameData: Disabled
2025.04.27 08:52:07,944	INFO	1	org.l2jmobius.gameserver.data.xml.AttendanceRewardData	AttendanceRewardData: Loaded 28 rewards.
2025.04.27 08:52:07,945	INFO	1	org.l2jmobius.gameserver.GameServer	----------------------------------------------=[ Characters ]
2025.04.27 08:52:07,960	INFO	1	org.l2jmobius.gameserver.data.xml.ClassListData	ClassListData: Loaded 163 class data.
2025.04.27 08:52:07,978	INFO	1	org.l2jmobius.gameserver.data.xml.InitialEquipmentData	InitialEquipmentData: Loaded 15 initial equipment data.
2025.04.27 08:52:07,994	INFO	1	org.l2jmobius.gameserver.data.xml.InitialShortcutData	InitialShortcutData: Loaded 5 initial global shortcuts data.
2025.04.27 08:52:07,994	INFO	1	org.l2jmobius.gameserver.data.xml.InitialShortcutData	InitialShortcutData: Loaded 5 initial shortcuts data.
2025.04.27 08:52:07,995	INFO	1	org.l2jmobius.gameserver.data.xml.InitialShortcutData	InitialShortcutData: Loaded 0 macro presets.
2025.04.27 08:52:08,012	INFO	1	org.l2jmobius.gameserver.data.xml.ExperienceData	ExperienceData: Loaded 132 levels.
2025.04.27 08:52:08,012	INFO	1	org.l2jmobius.gameserver.data.xml.ExperienceData	ExperienceData: Max Player Level is 131.
2025.04.27 08:52:08,012	INFO	1	org.l2jmobius.gameserver.data.xml.ExperienceData	ExperienceData: Max Pet Level is 131.
2025.04.27 08:52:08,038	INFO	1	org.l2jmobius.gameserver.data.xml.KarmaData	KarmaData: Loaded 131 karma modifiers.
2025.04.27 08:52:08,054	INFO	1	org.l2jmobius.gameserver.data.xml.HitConditionBonusData	HitConditionBonusData: Loaded hit condition bonuses.
2025.04.27 08:52:08,899	INFO	1	org.l2jmobius.gameserver.data.xml.PlayerTemplateData	PlayerTemplateData: Loaded 155 character templates.
2025.04.27 08:52:08,899	INFO	1	org.l2jmobius.gameserver.data.xml.PlayerTemplateData	PlayerTemplateData: Loaded 111600 level up gain records.
2025.04.27 08:52:08,899	INFO	1	org.l2jmobius.gameserver.data.xml.PlayerTemplateData	PlayerTemplateData: Generated 1705 level up gain records.
2025.04.27 08:52:08,903	INFO	1	org.l2jmobius.gameserver.data.sql.CharInfoTable	CharInfoTable: Loaded 4 char names.
2025.04.27 08:52:08,908	INFO	1	org.l2jmobius.gameserver.data.sql.PartyMatchingHistoryTable	PartyMatchingHistoryTable: Loaded 0 party matching history data.
2025.04.27 08:52:08,924	INFO	1	org.l2jmobius.gameserver.data.xml.AdminData	AdminData: Loaded 10 access levels.
2025.04.27 08:52:08,940	INFO	1	org.l2jmobius.gameserver.data.xml.AdminData	AdminData: Loaded 498 access commands.
2025.04.27 08:52:09,726	INFO	1	org.l2jmobius.gameserver.data.xml.PetDataTable	PetDataTable: Loaded 56 pets.
2025.04.27 08:52:09,813	INFO	1	org.l2jmobius.gameserver.data.xml.CubicData	CubicData: Loaded 25 cubics.
2025.04.27 08:52:09,845	INFO	1	org.l2jmobius.gameserver.GameServer	PremiumManager: Premium system is enabled.
2025.04.27 08:52:09,847	INFO	1	org.l2jmobius.gameserver.GameServer	---------------------------------------------------=[ Clans ]
2025.04.27 08:52:09,859	INFO	1	org.l2jmobius.gameserver.data.xml.ClanLevelData	ClanLevelData: Loaded 15 clan level data.
2025.04.27 08:52:09,879	INFO	1	org.l2jmobius.gameserver.communitybbs.Manager.ForumsBBSManager	ForumsBBSManager: Loaded 6 forums. Last forum id used: 6
2025.04.27 08:52:09,910	INFO	1	org.l2jmobius.gameserver.data.sql.ClanTable	ClanTable: Restored 2 clans from the database.
2025.04.27 08:52:09,926	INFO	1	org.l2jmobius.gameserver.data.xml.ResidenceFunctionsData	ResidenceFunctionsData: Loaded 8 functions.
2025.04.27 08:52:10,186	INFO	1	org.l2jmobius.gameserver.data.xml.ClanHallData	ClanHallData: Succesfully loaded 57 clan halls.
2025.04.27 08:52:10,188	INFO	1	org.l2jmobius.gameserver.managers.ClanHallAuctionManager	ClanHallAuctionManager: Clan Hall Auction has started!
2025.04.27 08:52:10,216	INFO	1	org.l2jmobius.gameserver.managers.ClanEntryManager	ClanEntryManager: Loaded 0 clan entries.
2025.04.27 08:52:10,220	INFO	1	org.l2jmobius.gameserver.managers.ClanEntryManager	ClanEntryManager: Loaded 0 players in waiting list.
2025.04.27 08:52:10,223	INFO	1	org.l2jmobius.gameserver.managers.ClanEntryManager	ClanEntryManager: Loaded 0 player applications.
2025.04.27 08:52:10,238	INFO	1	org.l2jmobius.gameserver.data.xml.ClanMasteryData	ClanMasteryData: Loaded 16 clan masteries.
2025.04.27 08:52:10,261	INFO	1	org.l2jmobius.gameserver.data.xml.ClanShopData	ClanShopData: Loaded 13 clan shop products.
2025.04.27 08:52:10,261	INFO	1	org.l2jmobius.gameserver.GameServer	-------------------------------------------------=[ Geodata ]
2025.04.27 08:52:18,406	INFO	1	org.l2jmobius.gameserver.geoengine.GeoEngine	GeoEngine: Loaded 240 regions.
2025.04.27 08:52:18,407	INFO	1	org.l2jmobius.gameserver.GameServer	----------------------------------------------------=[ NPCs ]
2025.04.27 08:52:22,144	INFO	1	org.l2jmobius.gameserver.data.xml.NpcData	NpcData: Loaded 15802 NPCs.
2025.04.27 08:52:22,196	INFO	1	org.l2jmobius.gameserver.data.xml.NpcData	NpcData: Loaded 50 custom NPCs.
2025.04.27 08:52:23,620	INFO	1	org.l2jmobius.gameserver.data.xml.SpawnData	SpawnData: Loaded 54995 spawns
2025.04.27 08:52:23,656	INFO	1	org.l2jmobius.gameserver.managers.WalkingManager	WalkingManager: Loaded 198 walking routes.
2025.04.27 08:52:23,686	INFO	1	org.l2jmobius.gameserver.data.xml.StaticObjectData	StaticObjectData: Loaded 86 static object templates.
2025.04.27 08:52:23,721	INFO	1	org.l2jmobius.gameserver.model.itemauction.ItemAuctionInstance	ItemAuctionInstance: Clearing expired auction: 2
2025.04.27 08:52:23,735	INFO	1	org.l2jmobius.gameserver.model.itemauction.ItemAuctionInstance	ItemAuctionInstance: Loaded 21 item(s) and registered 2 auction(s) for instance 34328
2025.04.27 08:52:23,743	INFO	1	org.l2jmobius.gameserver.model.itemauction.ItemAuctionInstance	ItemAuctionInstance: Schedule current auction 4 for instance 34328
2025.04.27 08:52:23,743	INFO	1	org.l2jmobius.gameserver.managers.ItemAuctionManager	ItemAuctionManager: Loaded 1 instances.
2025.04.27 08:52:23,746	INFO	44	org.l2jmobius.gameserver.model.itemauction.ItemAuctionInstance	ScheduleAuctionTask: Auction 4 has started for instance 34328
2025.04.27 08:52:23,746	INFO	44	org.l2jmobius.gameserver.model.itemauction.ItemAuctionInstance	ItemAuctionInstance: Schedule current auction 4 for instance 34328
2025.04.27 08:52:23,749	INFO	45	org.l2jmobius.gameserver.model.itemauction.ItemAuctionInstance	ItemAuctionInstance: Auction 4 has finished. There have not been any bid for instance 34328
2025.04.27 08:52:23,755	INFO	45	org.l2jmobius.gameserver.model.itemauction.ItemAuctionInstance	ItemAuctionInstance: Schedule next auction 5 on 17:00:00 03.05.25 for instance 34328
2025.04.27 08:52:23,804	INFO	1	org.l2jmobius.gameserver.managers.CastleManager	CastleManager: Loaded 9 castles.
2025.04.27 08:52:23,814	INFO	1	org.l2jmobius.gameserver.managers.GrandBossManager	GrandBossManager: Fafurion(19740) status is 3
2025.04.27 08:52:23,828	INFO	1	org.l2jmobius.gameserver.managers.GrandBossManager	GrandBossManager: Next spawn date of Fafurion is Tue Apr 29 03:23:28 BRT 2025
2025.04.27 08:52:23,829	INFO	1	org.l2jmobius.gameserver.managers.GrandBossManager	GrandBossManager: Kelbim(26124) status is 0
2025.04.27 08:52:23,829	INFO	1	org.l2jmobius.gameserver.managers.GrandBossManager	GrandBossManager: Core(29006) status is 0
2025.04.27 08:52:23,829	INFO	1	org.l2jmobius.gameserver.managers.GrandBossManager	GrandBossManager: Baium(29020) status is 0
2025.04.27 08:52:23,829	INFO	1	org.l2jmobius.gameserver.managers.GrandBossManager	GrandBossManager: Valakas(29028) status is 0
2025.04.27 08:52:23,829	INFO	1	org.l2jmobius.gameserver.managers.GrandBossManager	GrandBossManager: Antharas(29068) status is 0
2025.04.27 08:52:23,830	INFO	1	org.l2jmobius.gameserver.managers.GrandBossManager	GrandBossManager: Beleth(29118) status is 0
2025.04.27 08:52:23,830	INFO	1	org.l2jmobius.gameserver.managers.GrandBossManager	GrandBossManager: Earth Wyrm Trasken(29197) status is 0
2025.04.27 08:52:23,830	INFO	1	org.l2jmobius.gameserver.managers.GrandBossManager	GrandBossManager: Lindvior(29240) status is 0
2025.04.27 08:52:23,830	INFO	1	org.l2jmobius.gameserver.managers.GrandBossManager	GrandBossManager: Helios(29305) status is 0
2025.04.27 08:52:23,830	INFO	1	org.l2jmobius.gameserver.managers.GrandBossManager	GrandBossManager: Orfen(29325) status is 0
2025.04.27 08:52:23,830	INFO	1	org.l2jmobius.gameserver.managers.GrandBossManager	GrandBossManager: Lilith(29336) status is 0
2025.04.27 08:52:23,830	INFO	1	org.l2jmobius.gameserver.managers.GrandBossManager	GrandBossManager: Anakim(29348) status is 0
2025.04.27 08:52:23,831	INFO	1	org.l2jmobius.gameserver.managers.GrandBossManager	GrandBossManager: Queen Ant(29381) status is 0
2025.04.27 08:52:23,831	INFO	1	org.l2jmobius.gameserver.managers.GrandBossManager	GrandBossManager: Loaded 14 instances.
2025.04.27 08:52:23,849	INFO	1	org.l2jmobius.commons.util.IXmlReader	HomunculusData: Loaded 52 templates.
2025.04.27 08:52:23,861	INFO	1	org.l2jmobius.commons.util.IXmlReader	HomunculusSlotData: Loaded 18 templates.
2025.04.27 08:52:23,875	INFO	1	org.l2jmobius.commons.util.IXmlReader	HomunculusCreationData: Loaded 5 templates.
2025.04.27 08:52:23,875	INFO	1	org.l2jmobius.gameserver.GameServer	------------------------------------------------=[ Instance ]
2025.04.27 08:52:23,890	INFO	1	org.l2jmobius.gameserver.managers.InstanceManager	InstanceManager: Loaded 364 instance names.
2025.04.27 08:52:24,581	INFO	1	org.l2jmobius.gameserver.managers.InstanceManager	InstanceManager: Loaded 178 instance templates.
2025.04.27 08:52:24,582	INFO	1	org.l2jmobius.gameserver.managers.InstanceManager	InstanceManager: Loaded instance reenter times for 0 players.
2025.04.27 08:52:24,583	INFO	1	org.l2jmobius.gameserver.GameServer	------------------------------------------------=[ Olympiad ]
2025.04.27 08:52:24,594	INFO	1	org.l2jmobius.gameserver.model.olympiad.Olympiad	Olympiad System: Loading....
2025.04.27 08:52:24,594	INFO	1	org.l2jmobius.gameserver.model.olympiad.Olympiad	Olympiad System: Currently in Olympiad Period
2025.04.27 08:52:24,595	INFO	1	org.l2jmobius.gameserver.model.olympiad.Olympiad	Olympiad System: 2 days, 3 hours and 7 mins until period ends.
2025.04.27 08:52:24,595	INFO	1	org.l2jmobius.gameserver.model.olympiad.Olympiad	Olympiad System: Next weekly change is in 5 days, 10 hours and 51 mins.
2025.04.27 08:52:24,595	INFO	1	org.l2jmobius.gameserver.model.olympiad.Olympiad	Olympiad System: Loaded 0 Nobles
2025.04.27 08:52:24,600	INFO	1	org.l2jmobius.gameserver.model.olympiad.Olympiad	Olympiad System: Competition Period Starts in 5 days, 12 hours and 8 mins.
2025.04.27 08:52:24,601	INFO	1	org.l2jmobius.gameserver.model.olympiad.Olympiad	Olympiad System: Event starts/started: Fri May 02 21:00:24 BRT 2025
2025.04.27 08:52:24,605	INFO	1	org.l2jmobius.gameserver.model.olympiad.Hero	Hero System: Loaded 0 Heroes.
2025.04.27 08:52:24,605	INFO	1	org.l2jmobius.gameserver.model.olympiad.Hero	Hero System: Loaded 0 all time Heroes.
2025.04.27 08:52:24,605	INFO	1	org.l2jmobius.gameserver.GameServer	---------------------------------------------------=[ Cache ]
2025.04.27 08:52:24,606	INFO	1	org.l2jmobius.gameserver.cache.HtmCache	Cache[HTML]: Running lazy cache.
2025.04.27 08:52:24,611	INFO	1	org.l2jmobius.gameserver.data.sql.CrestTable	CrestTable: Loaded 0 Crests.
2025.04.27 08:52:24,628	INFO	1	org.l2jmobius.gameserver.data.xml.TeleportListData	TeleportListData: Loaded 200 teleports.
2025.04.27 08:52:34,966	INFO	1	org.l2jmobius.gameserver.data.xml.TeleporterData	TeleporterData: Loaded 182 npc teleporters.
2025.04.27 08:52:34,979	INFO	1	org.l2jmobius.gameserver.data.xml.TimedHuntingZoneData	TimedHuntingZoneData: Loaded 11 timed hunting zones.
2025.04.27 08:52:34,999	INFO	1	org.l2jmobius.gameserver.managers.CursedWeaponsManager	CursedWeaponsManager: Loaded 2 cursed weapons.
2025.04.27 08:52:35,840	INFO	1	org.l2jmobius.gameserver.data.xml.TransformData	TransformData: Loaded 182 transform templates.
2025.04.27 08:52:35,858	INFO	1	org.l2jmobius.gameserver.data.BotReportTable	BotReportTable: Loaded 0 bot reports
2025.04.27 08:52:35,886	INFO	1	org.l2jmobius.gameserver.managers.SellBuffsManager	SellBuffsManager: Loaded 145 allowed buffs.
2025.04.27 08:52:35,886	INFO	1	org.l2jmobius.gameserver.GameServer	-------------------------------------------------=[ Scripts ]
2025.04.27 08:52:35,922	INFO	1	org.l2jmobius.gameserver.data.xml.NewQuestData	NewQuestData: Loaded 248 new quest data.
2025.04.27 08:52:35,930	INFO	1	org.l2jmobius.gameserver.managers.AirShipManager	AirShipManager: Loaded 0 private airships
2025.04.27 08:52:35,950	INFO	1	org.l2jmobius.gameserver.data.xml.ShuttleData	ShuttleData: Loaded 3 shuttles.
2025.04.27 08:52:35,951	INFO	1	org.l2jmobius.gameserver.GameServer	GameServer: Loading server scripts:
2025.04.27 08:52:39,573	INFO	1	handlers.MasterHandler	Loading Handlers...
2025.04.27 08:52:39,685	INFO	1	handlers.MasterHandler	ActionHandler: Loaded 10 handlers.
2025.04.27 08:52:39,686	INFO	1	handlers.MasterHandler	ActionShiftHandler: Loaded 6 handlers.
2025.04.27 08:52:39,686	INFO	1	handlers.MasterHandler	AdminCommandHandler: Loaded 489 handlers.
2025.04.27 08:52:39,686	INFO	1	handlers.MasterHandler	BypassHandler: Loaded 30 handlers.
2025.04.27 08:52:39,686	INFO	1	handlers.MasterHandler	ChatHandler: Loaded 14 handlers.
2025.04.27 08:52:39,686	INFO	1	handlers.MasterHandler	CommunityBoardHandler: Loaded 26 handlers.
2025.04.27 08:52:39,686	INFO	1	handlers.MasterHandler	ItemHandler: Loaded 36 handlers.
2025.04.27 08:52:39,687	INFO	1	handlers.MasterHandler	PunishmentHandler: Loaded 3 handlers.
2025.04.27 08:52:39,687	INFO	1	handlers.MasterHandler	UserCommandHandler: Loaded 17 handlers.
2025.04.27 08:52:39,687	INFO	1	handlers.MasterHandler	VoicedCommandHandler: Loaded 9 handlers.
2025.04.27 08:52:39,687	INFO	1	handlers.MasterHandler	TargetHandler: Loaded 22 handlers.
2025.04.27 08:52:39,687	INFO	1	handlers.MasterHandler	AffectObjectHandler: Loaded 11 handlers.
2025.04.27 08:52:39,687	INFO	1	handlers.MasterHandler	AffectScopeHandler: Loaded 19 handlers.
2025.04.27 08:52:39,687	INFO	1	handlers.MasterHandler	PlayerActionHandler: Loaded 25 handlers.
2025.04.27 08:52:39,687	INFO	1	handlers.MasterHandler	Handlers Loaded...
2025.04.27 08:52:47,069	INFO	1	org.l2jmobius.commons.util.IXmlReader	------------------------------------------------=[ Conquest ]
2025.04.27 08:52:47,070	INFO	1	org.l2jmobius.commons.util.IXmlReader	ConquestPointData: Loaded 139 conquest points reward data.
2025.04.27 08:52:47,070	INFO	1	org.l2jmobius.commons.util.IXmlReader	ConquestPointData: Loaded 21 conquest pvp points reward data.
2025.04.27 08:52:47,076	INFO	1	ai.areas.Conquest.ConquestEngine	ConquestEngine: Conquest Access: is Open, Closes in: 0 days, 0 hours and 0 mins.
2025.04.27 08:52:47,082	INFO	1	ai.areas.Conquest.ConquestEngine	ConquestEngine: Conquest Season End: 30/04/2025 23:59:59
2025.04.27 08:52:47,082	INFO	1	ai.areas.Conquest.ConquestEngine	ConquestEngine: Conquest Cycle data loaded from database.
2025.04.27 08:52:47,082	INFO	1	ai.areas.Conquest.ConquestEngine	ConquestEngine: Conquest Current cycle: 1
2025.04.27 08:52:47,083	INFO	1	ai.areas.Conquest.ConquestEngine	ConquestEngine: Conquest Server Points: 134
2025.04.27 08:52:47,083	INFO	1	ai.areas.Conquest.ConquestEngine	ConquestEngine: Conquest ASA Zone points: 0
2025.04.27 08:52:47,083	INFO	1	ai.areas.Conquest.ConquestEngine	ConquestEngine: Conquest ANIMA Zone points: 0
2025.04.27 08:52:47,083	INFO	1	ai.areas.Conquest.ConquestEngine	ConquestEngine: Conquest NOX Zone points: 0
2025.04.27 08:52:47,083	INFO	1	ai.areas.Conquest.ConquestEngine	ConquestEngine: Conquest VITA Zone points: 0
2025.04.27 08:52:47,083	INFO	1	ai.areas.Conquest.ConquestEngine	ConquestEngine: Conquest IGNIS Zone points: 84
2025.04.27 08:52:47,098	INFO	1	org.l2jmobius.gameserver.data.xml.DethroneShopData	DethroneShopData: Loaded 16 items.
2025.04.27 08:52:47,140	INFO	1	ai.areas.FantasyIsle.HandysBlockCheckerEvent	Handy's Block Checker Event is disabled
2025.04.27 08:52:47,142	INFO	1	ai.areas.FantasyIsle.Parade	Fantasy Isle: Parade starting at 2025/04/27 09:20 and is scheduled each next 1 hours.
2025.04.27 08:52:47,155	INFO	1	ai.areas.FantasyIsle.TalentShow	Fantasy Isle: MC show script starting at 28/04/2025 00:06:47 and is scheduled each next 4 hours.
2025.04.27 08:52:47,307	INFO	1	ai.areas.Rune.SwampOfScreams.SwampOfScreamsSiege	Swamp of Screams siege starts from 12:00 to 13:00 and from 19:00 to 20:00.
2025.04.27 08:52:47,408	INFO	1	org.l2jmobius.gameserver.managers.GrandBossManager	GrandBossManager: Updated Anakim(29348) status to 0.
2025.04.27 08:52:47,475	INFO	1	org.l2jmobius.gameserver.managers.GrandBossManager	GrandBossManager: Updated Etis van Etina(29318) status to 0.
2025.04.27 08:52:47,516	INFO	1	org.l2jmobius.gameserver.managers.GrandBossManager	GrandBossManager: Updated Helios(29305) status to 0.
2025.04.27 08:52:47,544	INFO	1	org.l2jmobius.gameserver.managers.GrandBossManager	GrandBossManager: Updated Lilith(29336) status to 0.
2025.04.27 08:52:47,559	INFO	1	org.l2jmobius.gameserver.managers.GrandBossManager	GrandBossManager: Updated Lindvior(29240) status to 0.
2025.04.27 08:52:47,885	INFO	1	org.l2jmobius.gameserver.managers.DBSpawnManager	DBSpawnManager: Loaded 31 instances.
2025.04.27 08:52:47,885	INFO	1	org.l2jmobius.gameserver.managers.DBSpawnManager	DBSpawnManager: Scheduled 0 instances.
2025.04.27 08:52:47,887	INFO	1	org.l2jmobius.gameserver.managers.GrandBossManager	GrandBossManager: Updated Queen Ant(29381) status to 0.
2025.04.27 08:52:47,891	INFO	1	ai.bosses.QueenAnt.QueenAnt	Queen Ant: Boss spawned successfully at [Location] X: -7848 Y: 183389 Z: -3624 Heading: 0
2025.04.27 08:52:47,940	INFO	1	ai.bosses.Tiat.Stage1	[Seed of Destruction] Loaded 51 spawn zones data.
2025.04.27 08:52:47,985	INFO	1	org.l2jmobius.commons.util.IXmlReader	AetherDropData: Loaded 617 aether drop data.
2025.04.27 08:52:48,018	INFO	1	ai.others.ClassMaster.ClassMaster	ClassMaster: Loaded 0 class change options.
2025.04.27 08:52:48,100	INFO	1	ai.others.MentorGuide.MentorGuide	MentorGuide: Loaded 4 mentee coins
2025.04.27 08:52:48,138	INFO	1	ai.others.NpcBuffers.NpcBuffersData	NpcBuffersData: Loaded 12 buffers data.
2025.04.27 08:52:48,298	INFO	1	org.l2jmobius.gameserver.model.quest.Quest	Event Balthus Event active till Sun Jul 29 00:00:00 BRT 2029
2025.04.27 08:52:48,314	INFO	1	org.l2jmobius.gameserver.managers.events.BalthusEventManager	BalthusEventManager: Loaded 4 rewards.
2025.04.27 08:52:48,317	INFO	1	org.l2jmobius.gameserver.managers.events.BalthusEventManager	BalthusEventManager: Reward for 21 stage set. Next reward item is Fairy's Lucky Coin Pack - 47399 count: 1.
2025.04.27 08:52:48,322	INFO	1	org.l2jmobius.gameserver.model.quest.Quest	Event Birth of Draco has passed... Ignored 
2025.04.27 08:52:48,329	INFO	1	org.l2jmobius.gameserver.model.quest.Quest	Event Chuseok Harvest Festival active till Fri Sep 28 00:00:00 BRT 2029
2025.04.27 08:52:48,334	INFO	1	org.l2jmobius.gameserver.model.quest.Quest	Event Cross Event active till Thu Aug 16 00:00:00 BRT 2029
2025.04.27 08:52:48,351	INFO	1	events.CrossEvent.CrossEvent	CrossEvent: Loaded: 16 normal rewards.
2025.04.27 08:52:48,351	INFO	1	events.CrossEvent.CrossEvent	CrossEvent: Loaded: 14 advanced rewards.
2025.04.27 08:52:48,356	INFO	1	org.l2jmobius.gameserver.model.quest.Quest	Event Dragon Slayer has passed... Ignored 
2025.04.27 08:52:48,361	INFO	1	org.l2jmobius.gameserver.model.quest.Quest	Event Dream Maker active till Sat Jul 28 00:00:00 BRT 2029
2025.04.27 08:52:48,374	INFO	1	org.l2jmobius.gameserver.model.quest.Quest	Event Eve the Fortune Teller active till Tue Dec 18 00:00:00 BRT 2029
2025.04.27 08:52:48,381	INFO	1	org.l2jmobius.gameserver.model.quest.Quest	Event Freya Celebration has passed... Ignored 
2025.04.27 08:52:48,386	INFO	1	org.l2jmobius.gameserver.model.quest.Quest	Event Gift of Vitality active till Wed Feb 28 00:00:00 BRT 2029
2025.04.27 08:52:48,390	INFO	1	org.l2jmobius.gameserver.model.quest.Quest	Event Halloween has passed... Ignored 
2025.04.27 08:52:48,394	INFO	1	org.l2jmobius.gameserver.model.quest.Quest	Event Heavy Medal has passed... Ignored 
2025.04.27 08:52:48,398	INFO	1	org.l2jmobius.gameserver.model.quest.Quest	Event Hungry Horse has passed... Ignored 
2025.04.27 08:52:48,403	INFO	1	org.l2jmobius.gameserver.model.quest.Quest	Event Hunt for Santa has passed... Ignored 
2025.04.27 08:52:48,407	INFO	1	org.l2jmobius.gameserver.model.quest.Quest	Event Legend's Mark has passed... Ignored 
2025.04.27 08:52:48,415	INFO	1	org.l2jmobius.gameserver.model.quest.Quest	Event Letter Collector active till Sun Jul 29 00:00:00 BRT 2029
2025.04.27 08:52:48,431	INFO	1	org.l2jmobius.gameserver.managers.events.LetterCollectorManager	LetterCollectorManager: Loaded 3 words.
2025.04.27 08:52:48,432	INFO	1	org.l2jmobius.gameserver.managers.events.LetterCollectorManager	LetterCollectorManager: Loaded 13 letters.
2025.04.27 08:52:48,436	INFO	1	org.l2jmobius.gameserver.model.quest.Quest	Event Lovers Jubilee has passed... Ignored 
2025.04.27 08:52:48,441	INFO	1	org.l2jmobius.gameserver.model.quest.Quest	Event Love Your Gatekeeper has passed... Ignored 
2025.04.27 08:52:48,445	INFO	1	org.l2jmobius.gameserver.model.quest.Quest	Event Master of Enchanting has passed... Ignored 
2025.04.27 08:52:48,452	INFO	1	org.l2jmobius.gameserver.model.quest.Quest	Event Red Libra active till Thu Sep 06 00:00:00 BRT 2029
2025.04.27 08:52:48,457	INFO	1	org.l2jmobius.gameserver.model.quest.Quest	Event Rudolphs Blessing has passed... Ignored 
2025.04.27 08:52:48,478	INFO	1	org.l2jmobius.gameserver.model.quest.Quest	Event Saving Santa has passed... Ignored 
2025.04.27 08:52:48,482	INFO	1	org.l2jmobius.gameserver.model.quest.Quest	Event Secret Shop has passed... Ignored 
2025.04.27 08:52:48,488	INFO	1	org.l2jmobius.gameserver.model.quest.Quest	Event Smash It Completely active till Fri Sep 21 00:00:00 BRT 2029
2025.04.27 08:52:48,497	INFO	1	org.l2jmobius.gameserver.model.quest.Quest	Event Snowman Energy has passed... Ignored 
2025.04.27 08:52:48,502	INFO	1	org.l2jmobius.gameserver.model.quest.Quest	Event The Power Of Love has passed... Ignored 
2025.04.27 08:52:48,506	INFO	1	org.l2jmobius.gameserver.model.quest.Quest	Event Training with Dandy has passed... Ignored 
2025.04.27 08:52:48,509	INFO	1	org.l2jmobius.gameserver.model.quest.Quest	Event Unique Gacha active till Wed Dec 12 00:00:00 BRT 2029
2025.04.27 08:52:48,907	INFO	1	org.l2jmobius.gameserver.data.xml.SpawnData	SpawnData: Initializing spawns...
2025.04.27 08:53:01,821	INFO	1	org.l2jmobius.gameserver.data.xml.SpawnData	SpawnData: All spawns has been initialized!
2025.04.27 08:53:01,821	INFO	1	org.l2jmobius.gameserver.GameServer	---------------------------------------------------=[ Siege ]
2025.04.27 08:53:01,857	INFO	1	org.l2jmobius.gameserver.data.xml.SiegeScheduleData	SiegeScheduleData: Loaded 9 siege schedulers.
2025.04.27 08:53:01,858	INFO	1	org.l2jmobius.gameserver.model.siege.Siege	Siege of Gludio: Sun Apr 27 16:00:00 BRT 2025
2025.04.27 08:53:01,860	INFO	1	org.l2jmobius.gameserver.model.siege.Siege	Siege of Dion: Sun Apr 27 20:00:00 BRT 2025
2025.04.27 08:53:01,861	INFO	1	org.l2jmobius.gameserver.model.siege.Siege	Siege of Giran: Sun Apr 27 16:00:00 BRT 2025
2025.04.27 08:53:01,862	INFO	1	org.l2jmobius.gameserver.model.siege.Siege	Siege of Oren: Sun Apr 27 20:00:00 BRT 2025
2025.04.27 08:53:01,862	INFO	1	org.l2jmobius.gameserver.model.siege.Siege	Siege of Aden: Sun Apr 27 16:00:00 BRT 2025
2025.04.27 08:53:01,863	INFO	1	org.l2jmobius.gameserver.model.siege.Siege	Siege of Innadril: Sun Apr 27 20:00:00 BRT 2025
2025.04.27 08:53:01,864	INFO	1	org.l2jmobius.gameserver.model.siege.Siege	Siege of Goddard: Sun Apr 27 16:00:00 BRT 2025
2025.04.27 08:53:01,864	INFO	1	org.l2jmobius.gameserver.model.siege.Siege	Siege of Rune: Sun Apr 27 20:00:00 BRT 2025
2025.04.27 08:53:01,865	INFO	1	org.l2jmobius.gameserver.model.siege.Siege	Siege of Schuttgart: Sun Apr 27 16:00:00 BRT 2025
2025.04.27 08:53:01,991	INFO	1	org.l2jmobius.gameserver.managers.FortManager	FortManager: Loaded 20 fortress.
2025.04.27 08:53:02,207	INFO	1	org.l2jmobius.gameserver.managers.CastleManorManager	CastleManorManager: Loaded 258 seeds.
2025.04.27 08:53:02,219	INFO	1	org.l2jmobius.gameserver.managers.CastleManorManager	CastleManorManager: Manor data loaded.
2025.04.27 08:53:02,234	INFO	1	org.l2jmobius.gameserver.managers.SiegeGuardManager	SiegeGuardManager: Loaded 0 siege guards tickets.
2025.04.27 08:53:02,235	INFO	1	org.l2jmobius.gameserver.managers.QuestManager	QuestManager: Loaded 248 quests.
2025.04.27 08:53:02,235	INFO	1	org.l2jmobius.gameserver.managers.QuestManager	QuestManager: Loaded 461 scripts.
2025.04.27 08:53:02,258	INFO	1	org.l2jmobius.gameserver.managers.games.KrateisCubeManager	KrateisCubeManager: Loaded 3 arena templates.
2025.04.27 08:53:02,281	INFO	1	org.l2jmobius.gameserver.managers.games.UndergroundColiseumManager	UndergroundColiseumManager: Loaded 5 coliseum arenas.
2025.04.27 08:53:02,282	INFO	1	org.l2jmobius.gameserver.managers.games.UndergroundColiseumManager	UndergroundColiseumManager: Starts at 27/04/2025 21:00:00
2025.04.27 08:53:02,293	INFO	1	org.l2jmobius.gameserver.taskmanagers.PersistentTaskManager	PersistentTaskManager: Loaded 5 Tasks.
2025.04.27 08:53:02,296	INFO	1	org.l2jmobius.gameserver.managers.DailyResetManager	DailyResetManager: Next schedule at 28/04/2025 06:30:00.
2025.04.27 08:53:02,300	INFO	1	org.l2jmobius.gameserver.managers.MailManager	MailManager: Loaded 3 messages.
2025.04.27 08:53:02,302	INFO	88	ai.areas.Conquest.SacredFire.SacredFire	Sacred Fire Vars have been reset.
2025.04.27 08:53:02,307	INFO	1	org.l2jmobius.gameserver.managers.PunishmentManager	PunishmentManager: Loaded 0 active and 0 expired punishments.
2025.04.27 08:53:02,308	INFO	1	org.l2jmobius.gameserver.GameServer	IdManager: Free ObjectID's remaining: 1878969118
2025.04.27 08:53:02,312	INFO	1	org.l2jmobius.gameserver.data.sql.OfflineTraderTable	OfflineTraderTable: Loading offline traders...
2025.04.27 08:53:02,313	INFO	1	org.l2jmobius.gameserver.data.sql.OfflineTraderTable	OfflineTraderTable: Loaded 0 offline traders.
2025.04.27 08:53:02,316	INFO	108	org.l2jmobius.commons.util.DeadlockWatcher	DeadlockWatcher: Thread started.
2025.04.27 08:53:05,234	INFO	1	org.l2jmobius.gameserver.GameServer	GameServer: Started, using 3346 of 6144 MB total memory.
2025.04.27 08:53:05,234	INFO	1	org.l2jmobius.gameserver.GameServer	GameServer: Maximum number of connected players is 2000.
2025.04.27 08:53:05,234	INFO	1	org.l2jmobius.gameserver.GameServer	GameServer: Server loaded in 92 seconds.
2025.04.27 08:53:05,267	INFO	111	org.l2jmobius.gameserver.LoginServerThread	LoginServerThread: Connecting to login on 127.0.0.1:9014
2025.04.27 08:53:05,368	INFO	111	org.l2jmobius.gameserver.LoginServerThread	LoginServerThread: Registered on login as Server 1: Bartz
2025.04.27 08:54:26,426	INFO	135	org.l2jmobius.gameserver.data.xml.HuntPassData	HuntPassData: Loaded 100 HuntPass rewards.
2025.04.27 08:54:26,435	WARNING	135	org.l2jmobius.gameserver.model.actor.Creature	Master access level set for character adm! Just a warning to be careful ;)
2025.04.27 09:00:00,334	INFO	44	org.l2jmobius.gameserver.managers.events.BalthusEventManager	BalthusEventManager: New winner for 21 of Balthus Event is adm - 268513893. Player win Fairy's Lucky Coin Pack - 47399 count: 1.
2025.04.27 09:00:00,345	INFO	44	org.l2jmobius.gameserver.managers.events.BalthusEventManager	BalthusEventManager: Reward for 22 stage set. Next reward item is Fairy's Lucky Coin Pack - 47399 count: 1.
2025.04.27 09:23:02,347	INFO	52	org.l2jmobius.gameserver.managers.GlobalVariablesManager	GlobalVariablesManager: Stored 26 variables.
2025.04.27 09:24:00,320	INFO	46	org.l2jmobius.gameserver.managers.events.BalthusEventManager	BalthusEventManager: New winner for 22 of Balthus Event is adm - 268513893. Player win Fairy's Lucky Coin Pack - 47399 count: 1.
2025.04.27 09:31:26,669	WARNING	34	org.l2jmobius.gameserver.Shutdown	Server scheduled restart issued shutdown command. Shutdown in 1 seconds!
2025.04.27 09:31:27,679	WARNING	201	org.l2jmobius.gameserver.Shutdown	GM shutdown countdown is over. shutting down NOW!
2025.04.27 09:31:27,682	INFO	201	org.l2jmobius.gameserver.Shutdown	All players disconnected and saved(0ms).
2025.04.27 09:31:27,683	INFO	201	org.l2jmobius.gameserver.Shutdown	Game Time Task Manager: Thread interruped(2ms).
2025.04.27 09:31:27,683	INFO	201	org.l2jmobius.commons.threads.ThreadPool	ThreadPool: Shutting down.
2025.04.27 09:31:27,688	INFO	201	org.l2jmobius.gameserver.Shutdown	Thread Pool Manager: Manager has been shut down(6ms).
2025.04.27 09:31:27,688	INFO	201	org.l2jmobius.gameserver.Shutdown	Login Server Thread: Thread interruped(0ms).
2025.04.27 09:31:27,688	INFO	201	org.l2jmobius.gameserver.Shutdown	GM shutdown received. Shutting down NOW!
2025.04.27 09:31:27,750	INFO	201	org.l2jmobius.gameserver.Shutdown	RaidBossSpawnManager: All raidboss info saved(62ms).
2025.04.27 09:31:27,779	INFO	201	org.l2jmobius.gameserver.Shutdown	GrandBossManager: All Grand Boss info saved(28ms).
2025.04.27 09:31:27,779	INFO	201	org.l2jmobius.gameserver.Shutdown	Item Auction Manager: All tasks stopped(1ms).
2025.04.27 09:31:27,780	INFO	201	org.l2jmobius.gameserver.Shutdown	Olympiad System: Data saved(1ms).
2025.04.27 09:31:27,782	INFO	201	org.l2jmobius.gameserver.Shutdown	Hero System: Data saved(2ms).
2025.04.27 09:31:27,790	INFO	201	org.l2jmobius.gameserver.Shutdown	Clan System: Data saved(8ms).
2025.04.27 09:31:27,792	INFO	201	org.l2jmobius.gameserver.Shutdown	Cursed Weapons Manager: Data saved(1ms).
2025.04.27 09:31:27,795	INFO	201	org.l2jmobius.gameserver.Shutdown	Castle Manor Manager: Data saved(4ms).
2025.04.27 09:31:27,796	INFO	201	org.l2jmobius.gameserver.Shutdown	Quest Manager: Data saved(1ms).
2025.04.27 09:31:27,835	INFO	201	org.l2jmobius.gameserver.managers.GlobalVariablesManager	GlobalVariablesManager: Stored 26 variables.
2025.04.27 09:31:27,835	INFO	201	org.l2jmobius.gameserver.Shutdown	Global Variables Manager: Variables saved(39ms).
2025.04.27 09:31:27,836	INFO	201	org.l2jmobius.gameserver.Shutdown	Party Matching History Table: Data saved(1ms).
2025.04.27 09:31:27,836	INFO	201	org.l2jmobius.gameserver.Shutdown	World Exchange Manager: Data saved(0ms).
2025.04.27 09:31:27,837	INFO	201	org.l2jmobius.gameserver.Shutdown	Bot Report Table: Successfully saved reports to database!
2025.04.27 09:31:30,482	WARNING	111	org.l2jmobius.gameserver.LoginServerThread	LoginServerThread: LoginServer not available, trying to reconnect...
2025.04.27 09:31:32,841	INFO	201	org.l2jmobius.commons.database.DatabaseFactory	Database: HikariCP pool closed successfully.
2025.04.27 09:31:32,841	INFO	201	org.l2jmobius.gameserver.Shutdown	Database Factory: Database connection has been shut down(3ms).
2025.04.27 09:31:32,841	INFO	201	org.l2jmobius.gameserver.Shutdown	The server has been successfully shut down in 5seconds.
